  RenderObject.cpp
c:\users\andre\documents\hierarchy\hierarchy\hierarchy\renderobject.cpp(113): warning C4018: '<': signed/unsigned mismatch
c:\users\andre\documents\hierarchy\hierarchy\hierarchy\renderobject.cpp(151): warning C4018: '<': signed/unsigned mismatch
c:\users\andre\documents\hierarchy\hierarchy\hierarchy\renderobject.cpp(167): warning C4018: '<': signed/unsigned mismatch
  main.cpp
  lodepng.cpp
  GLWindowManager.cpp
c:\users\andre\documents\hierarchy\hierarchy\hierarchy\glwindowmanager.cpp(49): warning C4305: '-=': truncation from 'double' to 'float'
c:\users\andre\documents\hierarchy\hierarchy\hierarchy\glwindowmanager.cpp(54): warning C4305: '+=': truncation from 'double' to 'float'
c:\users\andre\documents\hierarchy\hierarchy\hierarchy\glwindowmanager.cpp(59): warning C4305: '+=': truncation from 'double' to 'float'
c:\users\andre\documents\hierarchy\hierarchy\hierarchy\glwindowmanager.cpp(80): warning C4305: '-=': truncation from 'double' to 'float'
c:\users\andre\documents\hierarchy\hierarchy\hierarchy\glwindowmanager.cpp(85): warning C4305: '+=': truncation from 'double' to 'float'
c:\users\andre\documents\hierarchy\hierarchy\hierarchy\glwindowmanager.cpp(90): warning C4305: '+=': truncation from 'double' to 'float'
c:\users\andre\documents\hierarchy\hierarchy\hierarchy\glwindowmanager.cpp(302): warning C4244: 'initializing': conversion from 'float' to 'int', possible loss of data
c:\users\andre\documents\hierarchy\hierarchy\hierarchy\glwindowmanager.cpp(404): warning C4018: '<': signed/unsigned mismatch
  BVHNode.cpp
  AggregatorNode.cpp
  Generating Code...
  glad.c
  Hierarchy.vcxproj -> C:\Users\Andre\Documents\hierarchy\Hierarchy\Debug\Hierarchy.exe
  Hierarchy.vcxproj -> C:\Users\Andre\Documents\hierarchy\Hierarchy\Debug\Hierarchy.pdb (Full PDB)
